        -:    0:Source:C:/Homework 5/main.cpp
        -:    0:Graph:C:\Homework 5\cmake-build-debug-coverage\CMakeFiles\untitled.dir\main.cpp.gcno
        -:    0:Data:C:\Homework 5\cmake-build-debug-coverage\CMakeFiles\untitled.dir\main.cpp.gcda
        -:    0:Runs:1
        -:    0:Programs:1
        -:    1:#include <iostream>
        -:    2:
        -:    3:using namespace std;
        1:    4:int main() {
        -:    5:    int a, X , N;
        1:    6:    a=1;
        1:    7:    X=0;
        1:    8:    cout << " N= " ;
        1:    8-block  0
        1:    9:    cin >> N ;
        1:    9-block  0
       11:   10:    while (a<=N){
       11:   10-block  0
       10:   11:        X=X+a ;
       10:   12:        a=(a+1) ;
       10:   12-block  0
        -:   13:    }
        1:   14:    cout <<"summ="<< X;
        1:   14-block  0
        1:   14-block  1
        1:   15:    return 0;
        1:   15-block  0
        -:   16:}
